<?xml version="1.0" encoding="UTF-8" standalone="no"?>
<fileLog>
<createdFiles>
<entry name=".install4j/Tassel 5.png" shared="false" uninstallMode="2"/>
<entry name="lib/jackson-core-2.13.2.jar" shared="false" uninstallMode="0"/>
<entry name="lib/.ipynb_checkpoints/Untitled-checkpoint.ipynb" shared="false" uninstallMode="0"/>
<entry name=".install4j/i4jruntime.jar" shared="false" uninstallMode="2"/>
<entry name=".install4j/launcherf885d53.jar" shared="false" uninstallMode="2"/>
<entry name="Tassel 5.vmoptions" shared="false" uninstallMode="3"/>
<entry name=".install4j/launchers.xml" shared="false" uninstallMode="2"/>
<entry name="lib/jackson-module-kotlin-2.13.2.jar" shared="false" uninstallMode="0"/>
<entry name="lib/kotlin-stdlib-jdk8-1.6.10.jar" shared="false" uninstallMode="0"/>
<entry name="lib/postgresql-9.4-1201.jdbc41.jar" shared="false" uninstallMode="0"/>
<entry name="lib/fastutil-8.2.2.jar" shared="false" uninstallMode="0"/>
<entry name="lib/json-simple-1.1.1.jar" shared="false" uninstallMode="0"/>
<entry name="lib/jfreesvg-3.2.jar" shared="false" uninstallMode="0"/>
<entry name="lib/snappy-java-1.1.8.4.jar" shared="false" uninstallMode="0"/>
<entry name=".install4j/i4j_extf_5_1iksu1d_18gg8kx@2x.png" shared="false" uninstallMode="2"/>
<entry name="lib/commons-io-2.11.0.jar" shared="false" uninstallMode="0"/>
<entry name="lib/javax.json-1.0.4.jar" shared="false" uninstallMode="0"/>
<entry name="lib/jackson-annotations-2.13.2.jar" shared="false" uninstallMode="0"/>
<entry name="lib/sTASSEL.jar" shared="false" uninstallMode="0"/>
<entry name="lib/Untitled.ipynb" shared="false" uninstallMode="0"/>
<entry name="lib/forester-1.039.jar" shared="false" uninstallMode="0"/>
<entry name=".install4j/uninstall.png" shared="false" uninstallMode="2"/>
<entry name="uninstall" shared="false" uninstallMode="0"/>
<entry name="lib/guava-22.0.jar" shared="false" uninstallMode="0"/>
<entry name="start_tassel.pl" shared="false" uninstallMode="0"/>
<entry name="TutorialData/mdp_population_structure.txt" shared="false" uninstallMode="0"/>
<entry name=".install4j/launcher24495580.jar" shared="false" uninstallMode="2"/>
<entry name="lib/sshj-0.32.0.jar" shared="false" uninstallMode="0"/>
<entry name="lib/trove-3.0.3.jar" shared="false" uninstallMode="0"/>
<entry name="lib/jhdf5-14.12.5.jar" shared="false" uninstallMode="0"/>
<entry name=".install4j/s_60j40o.png" shared="false" uninstallMode="2"/>
<entry name="lib/phg.jar" shared="false" uninstallMode="0"/>
<entry name=".install4j/i4jparams.conf" shared="false" uninstallMode="2"/>
<entry name="lib/junit-4.10.jar" shared="false" uninstallMode="0"/>
<entry name="lib/itextpdf-5.1.0.jar" shared="false" uninstallMode="0"/>
<entry name="lib/enzymes.ini" shared="false" uninstallMode="0"/>
<entry name=".install4j/libi4jinst2.dylib" shared="false" uninstallMode="2"/>
<entry name=".install4j/install4j_1ks8h5v-Tassel_5.desktop" shared="false" uninstallMode="2">
<preUninstall admin="false" executable="xdg-desktop-menu">
<argument>uninstall</argument>
<argument>--mode</argument>
<argument>user</argument>
<argument>/home/zzq/TASSEL5/.install4j/install4j_1ks8h5v-Tassel_5.desktop</argument>
</preUninstall>
</entry>
<entry name=".install4j/Tassel5Updater" shared="false" uninstallMode="0"/>
<entry name=".install4j/response.varfile" shared="false" uninstallMode="0"/>
<entry name="lib/biojava-core-6.0.4.jar" shared="false" uninstallMode="0"/>
<entry name="lib/slf4j-api-1.7.10.jar" shared="false" uninstallMode="0"/>
<entry name=".install4j/launcher0.jar" shared="false" uninstallMode="2"/>
<entry name="lib/sqlite-jdbc-3.39.2.1.jar" shared="false" uninstallMode="0"/>
<entry name=".install4j/i4j_extf_1_1iksu1d.txt" shared="false" uninstallMode="2"/>
<entry name="lib/colt-1.2.0.jar" shared="false" uninstallMode="0"/>
<entry name="run_pipeline.pl" shared="false" uninstallMode="0"/>
<entry name="lib/biojava-genome-6.0.4.jar" shared="false" uninstallMode="0"/>
<entry name="lib/scala-library-2.10.1.jar" shared="false" uninstallMode="0"/>
<entry name="Tassel 5" shared="false" uninstallMode="0"/>
<entry name="TutorialData/mdp_genotype.hmp.txt" shared="false" uninstallMode="0"/>
<entry name=".install4j/i4j_extf_5_1iksu1d_18gg8kx.png" shared="false" uninstallMode="2"/>
<entry name="lib/jcommon-1.0.23.jar" shared="false" uninstallMode="0"/>
<entry name=".install4j/libi4jinst.dylib" shared="false" uninstallMode="2"/>
<entry name="Tassel 5.desktop" shared="false" uninstallMode="0"/>
<entry name="TutorialData/mdp_phenotype.txt" shared="false" uninstallMode="0"/>
<entry name="lib/slf4j-simple-1.7.10.jar" shared="false" uninstallMode="0"/>
<entry name=".install4j/inst_jre.cfg" shared="false" uninstallMode="0"/>
<entry name="TutorialData/mdp_traits.txt" shared="false" uninstallMode="0"/>
<entry name="lib/commons-codec-1.10.jar" shared="false" uninstallMode="0"/>
<entry name="lib/biojava-phylo-4.2.12.jar" shared="false" uninstallMode="0"/>
<entry name="lib/jackson-databind-2.13.2.2.jar" shared="false" uninstallMode="0"/>
<entry name="lib/log4j-1.2.13.jar" shared="false" uninstallMode="0"/>
<entry name=".install4j/i4j_extf_3_1iksu1d_vd2dea.png" shared="false" uninstallMode="2"/>
<entry name=".install4j/launcher2bfa42ba.jar" shared="false" uninstallMode="2"/>
<entry name=".install4j/installation.log" shared="false" uninstallMode="0"/>
<entry name="lib/kotlin-stdlib-jdk7-1.6.10.jar" shared="false" uninstallMode="0"/>
<entry name=".install4j/i4jempty.ttf" shared="false" uninstallMode="2"/>
<entry name="lib/ini4j-0.5.4.jar" shared="false" uninstallMode="0"/>
<entry name=".install4j/Tassel5Updater.png" shared="false" uninstallMode="2"/>
<entry name=".install4j/i4j_extf_0_1iksu1d.utf8" shared="false" uninstallMode="2"/>
<entry name="lib/jfreechart-1.0.19.jar" shared="false" uninstallMode="0"/>
<entry name="lib/biojava-alignment-6.0.4.jar" shared="false" uninstallMode="0"/>
<entry name="lib/kotlinx-coroutines-core-jvm-1.6.0.jar" shared="false" uninstallMode="0"/>
<entry name=".install4j/stats.properties" shared="false" uninstallMode="2"/>
<entry name=".install4j/install.prop" shared="false" uninstallMode="0"/>
<entry name="lib/kotlin-stdlib-1.6.10.jar" shared="false" uninstallMode="0"/>
<entry name="lib/ejml-ddense-0.41.jar" shared="false" uninstallMode="0"/>
<entry name="lib/htsjdk-2.24.1.jar" shared="false" uninstallMode="0"/>
<entry name=".install4j/autoUninstall.1" shared="false" uninstallMode="0"/>
<entry name="TutorialData/mdp_kinship.txt" shared="false" uninstallMode="0"/>
<entry name=".install4j/user.jar" shared="false" uninstallMode="2"/>
<entry name=".install4j/i4j_extf_2_1iksu1d_x7nby6.png" shared="false" uninstallMode="2"/>
<entry name="lib/kotlin-reflect-1.6.10.jar" shared="false" uninstallMode="0"/>
<entry name="lib/gs-core-1.3.jar" shared="false" uninstallMode="0"/>
<entry name="lib/commons-math3-3.4.1.jar" shared="false" uninstallMode="0"/>
<entry name="lib/ahocorasick-0.2.4.jar" shared="false" uninstallMode="0"/>
<entry name="lib/ejml-core-0.41.jar" shared="false" uninstallMode="0"/>
<entry name="lib/gs-ui-1.3.jar" shared="false" uninstallMode="0"/>
<entry name="lib/mail-1.4.jar" shared="false" uninstallMode="0"/>
<entry name=".install4j/i4j_extf_4_1iksu1d_un9apv.png" shared="false" uninstallMode="2"/>
<entry name=".install4j/MessagesDefault" shared="false" uninstallMode="2"/>
</createdFiles>
<createdDirs>
<entry name="lib/.ipynb_checkpoints" shared="false" uninstallMode="0"/>
<entry name="lib" shared="false" uninstallMode="0"/>
<entry name="TutorialData" shared="false" uninstallMode="0"/>
<entry name=".install4j" shared="false" uninstallMode="0"/>
<entry name="." shared="false" uninstallMode="0"/>
</createdDirs>
</fileLog>
